# JRE version: Java(TM) SE Runtime Environment (8.0_144-b01) (build 1.8.0_144-b01)
# Java VM: Java HotSpot(TM) Client VM (25.144-b01 mixed mode windows-x86 )
Heap:
 def new generation   total 4928K, used 673K [0x04000000, 0x04550000, 0x09550000)
  eden space 4416K,   9% used [0x04000000, 0x0406a900, 0x04450000)
  from space 512K,  48% used [0x044d0000, 0x0450de10, 0x04550000)
  to   space 512K,   0% used [0x04450000, 0x04450000, 0x044d0000)
 tenured generation   total 10944K, used 2030K [0x09550000, 0x0a000000, 0x14000000)
   the space 10944K,  18% used [0x09550000, 0x0974bbe0, 0x0974bc00, 0x0a000000)
 Metaspace       used 7608K, capacity 7773K, committed 7936K, reserved 8576K
GC Heap History (6 events):
Event: 0.552 GC heap before
{Heap before GC invocations=0 (full 0):
 def new generation   total 4928K, used 4416K [0x04000000, 0x04550000, 0x09550000)
  eden space 4416K, 100% used [0x04000000, 0x04450000, 0x04450000)
  from space 512K,   0% used [0x04450000, 0x04450000, 0x044d0000)
  to   space 512K,   0% used [0x044d0000, 0x044d0000, 0x04550000)
 tenured generation   total 10944K, used 0K [0x09550000, 0x0a000000, 0x14000000)
   the space 10944K,   0% used [0x09550000, 0x09550000, 0x09550200, 0x0a000000)
 Metaspace       used 7113K, capacity 7312K, committed 7424K, reserved 7552K
Event: 0.561 GC heap after
Heap after GC invocations=1 (full 0):
 def new generation   total 4928K, used 512K [0x04000000, 0x04550000, 0x09550000)
  eden space 4416K,   0% used [0x04000000, 0x04000000, 0x04450000)
  from space 512K, 100% used [0x044d0000, 0x04550000, 0x04550000)
  to   space 512K,   0% used [0x04450000, 0x04450000, 0x044d0000)
 tenured generation   total 10944K, used 1219K [0x09550000, 0x0a000000, 0x14000000)
   the space 10944K,  11% used [0x09550000, 0x09680c58, 0x09680e00, 0x0a000000)
 Metaspace       used 7113K, capacity 7312K, committed 7424K, reserved 7552K
}
Event: 13.680 GC heap before
{Heap before GC invocations=1 (full 0):
 def new generation   total 4928K, used 4928K [0x04000000, 0x04550000, 0x09550000)
  eden space 4416K, 100% used [0x04000000, 0x04450000, 0x04450000)
  from space 512K, 100% used [0x044d0000, 0x04550000, 0x04550000)
  to   space 512K,   0% used [0x04450000, 0x04450000, 0x044d0000)
 tenured generation   total 10944K, used 1219K [0x09550000, 0x0a000000, 0x14000000)
   the space 10944K,  11% used [0x09550000, 0x09680c58, 0x09680e00, 0x0a000000)
 Metaspace       used 7594K, capacity 7773K, committed 7936K, reserved 8576K
Event: 13.690 GC heap after
Heap after GC invocations=2 (full 0):
 def new generation   total 4928K, used 329K [0x04000000, 0x04550000, 0x09550000)
  eden space 4416K,   0% used [0x04000000, 0x04000000, 0x04450000)
  from space 512K,  64% used [0x04450000, 0x044a27f0, 0x044d0000)
  to   space 512K,   0% used [0x044d0000, 0x044d0000, 0x04550000)
 tenured generation   total 10944K, used 1726K [0x09550000, 0x0a000000, 0x14000000)
   the space 10944K,  15% used [0x09550000, 0x096ffa10, 0x096ffc00, 0x0a000000)
 Metaspace       used 7594K, capacity 7773K, committed 7936K, reserved 8576K
}
Event: 26.821 GC heap before
{Heap before GC invocations=2 (full 0):
 def new generation   total 4928K, used 4745K [0x04000000, 0x04550000, 0x09550000)
  eden space 4416K, 100% used [0x04000000, 0x04450000, 0x04450000)
  from space 512K,  64% used [0x04450000, 0x044a27f0, 0x044d0000)
  to   space 512K,   0% used [0x044d0000, 0x044d0000, 0x04550000)
 tenured generation   total 10944K, used 1726K [0x09550000, 0x0a000000, 0x14000000)
   the space 10944K,  15% used [0x09550000, 0x096ffa10, 0x096ffc00, 0x0a000000)
 Metaspace       used 7606K, capacity 7773K, committed 7936K, reserved 8576K
Event: 26.827 GC heap after
Heap after GC invocations=3 (full 0):
 def new generation   total 4928K, used 247K [0x04000000, 0x04550000, 0x09550000)
  eden space 4416K,   0% used [0x04000000, 0x04000000, 0x04450000)
  from space 512K,  48% used [0x044d0000, 0x0450de10, 0x04550000)
  to   space 512K,   0% used [0x04450000, 0x04450000, 0x044d0000)
 tenured generation   total 10944K, used 2030K [0x09550000, 0x0a000000, 0x14000000)
   the space 10944K,  18% used [0x09550000, 0x0974bbe0, 0x0974bc00, 0x0a000000)
 Metaspace       used 7606K, capacity 7773K, committed 7936K, reserved 8576K
}

